X:\PROJECTS\WITNESS\WITNESS\DEBUG\ACTOR.OBJ
X:\PROJECTS\WITNESS\WITNESS\DEBUG\GPSLOG.OBJ
X:\PROJECTS\WITNESS\WITNESS\DEBUG\GPSX.OBJ
X:\PROJECTS\WITNESS\WITNESS\DEBUG\SPACECONVERTER.OBJ
X:\PROJECTS\WITNESS\WITNESS\DEBUG\CAMERA.OBJ
X:\PROJECTS\WITNESS\WITNESS\DEBUG\INPUT.OBJ
X:\PROJECTS\WITNESS\WITNESS\DEBUG\PRIMATIVES.OBJ
X:\PROJECTS\WITNESS\WITNESS\DEBUG\SCENE.OBJ
X:\PROJECTS\WITNESS\WITNESS\DEBUG\WINDOW.OBJ
X:\PROJECTS\WITNESS\WITNESS\DEBUG\WINMAIN.OBJ
X:\PROJECTS\WITNESS\WITNESS\DEBUG\TINYXML2.OBJ
X:\PROJECTS\WITNESS\WITNESS\DEBUG\VC110.PDB
X:\PROJECTS\WITNESS\DEBUG\WITNESS.ILK
X:\PROJECTS\WITNESS\DEBUG\WITNESS.EXE
X:\PROJECTS\WITNESS\DEBUG\WITNESS.PDB
X:\Projects\Witness\Witness\Debug\Actor.obj
X:\Projects\Witness\Witness\Debug\Camera.obj
X:\Projects\Witness\Witness\Debug\GPSLog.obj
X:\Projects\Witness\Witness\Debug\GPSX.obj
X:\Projects\Witness\Witness\Debug\Input.obj
X:\Projects\Witness\Witness\Debug\Primatives.obj
X:\Projects\Witness\Witness\Debug\Scene.obj
X:\Projects\Witness\Witness\Debug\SpaceConverter.obj
X:\Projects\Witness\Witness\Debug\tinyxml2.obj
X:\Projects\Witness\Witness\Debug\Window.obj
X:\Projects\Witness\Witness\Debug\WinMain.obj
X:\Projects\Witness\Witness\Debug\cl.command.1.tlog
X:\Projects\Witness\Witness\Debug\CL.read.1.tlog
X:\Projects\Witness\Witness\Debug\CL.write.1.tlog
X:\Projects\Witness\Witness\Debug\link-cvtres.read.1.tlog
X:\Projects\Witness\Witness\Debug\link-cvtres.write.1.tlog
X:\Projects\Witness\Witness\Debug\link-rc.read.1.tlog
X:\Projects\Witness\Witness\Debug\link-rc.write.1.tlog
X:\Projects\Witness\Witness\Debug\link.5940-cvtres.read.1.tlog
X:\Projects\Witness\Witness\Debug\link.5940-cvtres.write.1.tlog
X:\Projects\Witness\Witness\Debug\link.5940-rc.read.1.tlog
X:\Projects\Witness\Witness\Debug\link.5940-rc.write.1.tlog
X:\Projects\Witness\Witness\Debug\link.5940.read.1.tlog
X:\Projects\Witness\Witness\Debug\link.5940.write.1.tlog
X:\Projects\Witness\Witness\Debug\link.command.1.tlog
X:\Projects\Witness\Witness\Debug\link.read.1.tlog
X:\Projects\Witness\Witness\Debug\link.write.1.tlog
X:\Projects\Witness\Witness\Debug\vc110.idb
X:\Projects\Witness\Witness\Debug\vc110.pdb
X:\Projects\Witness\Debug\Witness.pdb
X:\Projects\Witness\Debug\Witness.exe
X:\Projects\Witness\Debug\Witness.ilk
