X:\PROJECTS\IMAGEFUNCTION\DEBUG\CONSOLE.OBJ
X:\PROJECTS\IMAGEFUNCTION\DEBUG\IMAGEFUNCTION.OBJ
X:\PROJECTS\IMAGEFUNCTION\DEBUG\VC110.PDB
X:\Projects\imagefunction\Debug\imagefunction.lib
X:\Projects\imagefunction\Debug\imagefunction.exp
X:\PROJECTS\IMAGEFUNCTION\DEBUG\IMAGEFUNCTION.ILK
X:\PROJECTS\IMAGEFUNCTION\DEBUG\IMAGEFUNCTION.DLL
X:\PROJECTS\IMAGEFUNCTION\DEBUG\IMAGEFUNCTION.PDB
X:\Projects\imagefunction\Debug\console.obj
X:\Projects\imagefunction\Debug\imagefunction.obj
X:\Projects\imagefunction\Debug\imagefunction.ilk
X:\Projects\imagefunction\Debug\cl.command.1.tlog
X:\Projects\imagefunction\Debug\CL.read.1.tlog
X:\Projects\imagefunction\Debug\CL.write.1.tlog
X:\Projects\imagefunction\Debug\imagefunction.write.1.tlog
X:\Projects\imagefunction\Debug\link-cvtres.read.1.tlog
X:\Projects\imagefunction\Debug\link-cvtres.write.1.tlog
X:\Projects\imagefunction\Debug\link-rc.read.1.tlog
X:\Projects\imagefunction\Debug\link-rc.write.1.tlog
X:\Projects\imagefunction\Debug\link.10760-cvtres.read.1.tlog
X:\Projects\imagefunction\Debug\link.10760-cvtres.write.1.tlog
X:\Projects\imagefunction\Debug\link.10760-rc.read.1.tlog
X:\Projects\imagefunction\Debug\link.10760-rc.write.1.tlog
X:\Projects\imagefunction\Debug\link.10760.read.1.tlog
X:\Projects\imagefunction\Debug\link.10760.write.1.tlog
X:\Projects\imagefunction\Debug\link.command.1.tlog
X:\Projects\imagefunction\Debug\link.read.1.tlog
X:\Projects\imagefunction\Debug\link.write.1.tlog
X:\Projects\imagefunction\Debug\vc110.idb
X:\Projects\imagefunction\Debug\imagefunction.pdb
X:\Projects\imagefunction\Debug\vc110.pdb
X:\Projects\imagefunction\..\GroundTruthing\bin\Debug\imagefunction.dll
