X:\PROJECTS\WITNESS\WIRELESSNATIVES\DEBUG\WIRELESSADAPTER.OBJ
X:\PROJECTS\WITNESS\WIRELESSNATIVES\DEBUG\WIRELESSAP.OBJ
X:\PROJECTS\WITNESS\WIRELESSNATIVES\DEBUG\WIRELESSSCANNER.OBJ
X:\PROJECTS\WITNESS\WIRELESSNATIVES\DEBUG\WIRELESSNATIVES.OBJ
X:\PROJECTS\WITNESS\WIRELESSNATIVES\DEBUG\VC110.PDB
X:\PROJECTS\WITNESS\DEBUG\WIRELESSNATIVES.ILK
X:\PROJECTS\WITNESS\DEBUG\WIRELESSNATIVES.DLL
X:\PROJECTS\WITNESS\DEBUG\WIRELESSNATIVES.PDB
X:\Projects\Witness\Debug\WirelessNatives.lib
X:\Projects\Witness\Debug\WirelessNatives.exp
X:\Projects\Witness\WirelessNatives\Debug\WirelessAdapter.obj
X:\Projects\Witness\WirelessNatives\Debug\WirelessAP.obj
X:\Projects\Witness\WirelessNatives\Debug\WirelessNatives.obj
X:\Projects\Witness\WirelessNatives\Debug\WirelessScanner.obj
X:\Projects\Witness\WirelessNatives\Debug\cl.command.1.tlog
X:\Projects\Witness\WirelessNatives\Debug\CL.read.1.tlog
X:\Projects\Witness\WirelessNatives\Debug\CL.write.1.tlog
X:\Projects\Witness\WirelessNatives\Debug\link-cvtres.read.1.tlog
X:\Projects\Witness\WirelessNatives\Debug\link-cvtres.write.1.tlog
X:\Projects\Witness\WirelessNatives\Debug\link-rc.read.1.tlog
X:\Projects\Witness\WirelessNatives\Debug\link-rc.write.1.tlog
X:\Projects\Witness\WirelessNatives\Debug\link.command.1.tlog
X:\Projects\Witness\WirelessNatives\Debug\link.read.1.tlog
X:\Projects\Witness\WirelessNatives\Debug\link.write.1.tlog
X:\Projects\Witness\WirelessNatives\Debug\WirelessNatives.write.1.tlog
X:\Projects\Witness\WirelessNatives\Debug\vc110.idb
X:\Projects\Witness\WirelessNatives\Debug\vc110.pdb
X:\Projects\Witness\Debug\WirelessNatives.pdb
X:\Projects\Witness\Debug\WirelessNatives.dll
X:\Projects\Witness\Debug\WirelessNatives.ilk
