Build started 15/05/2014 2:12:32 PM.
     1>Project "X:\Projects\Witness\WirelessNatives\WirelessNatives.vcxproj" on node 4 (Rebuild target(s)).
     1>_PrepareForClean:
         Deleting file "Debug\WirelessNatives.lastbuildstate".
       InitializeBuildStatus:
         Creating "Debug\WirelessNatives.unsuccessfulbuild" because "AlwaysCreate" was specified.
       ClCompile:
         C:\Program Files (x86)\Microsoft Visual Studio 11.0\VC\bin\CL.exe /c /ZI /nologo /W3 /WX- /Od /Oy- /D WIN32 /D _DEBUG /D _WINDOWS /D _USRDLL /D WIRELESSNATIVES_EXPORTS /D _WINDLL /D _UNICODE /D UNICODE /Gm /EHsc /RTC1 /MTd /GS /fp:precise /Zc:wchar_t /Zc:forScope /Fo"Debug\\" /Fd"Debug\vc110.pdb" /Gd /TP /analyze- /errorReport:prompt Natives\WirelessAdapter.cpp Natives\WirelessAP.cpp Natives\WirelessScanner.cpp WirelessNatives.cpp
         WirelessNatives.cpp
         WirelessScanner.cpp
         WirelessAP.cpp
         WirelessAdapter.cpp
         Generating Code...
       Link:
         C:\Program Files (x86)\Microsoft Visual Studio 11.0\VC\bin\link.exe /ERRORREPORT:PROMPT /OUT:"X:\Projects\Witness\Debug\WirelessNatives.dll" /INCREMENTAL /NOLOGO kernel32.lib user32.lib gdi32.lib winspool.lib comdlg32.lib advapi32.lib shell32.lib ole32.lib oleaut32.lib uuid.lib odbc32.lib odbccp32.lib /MANIFEST /MANIFESTUAC:"level='asInvoker' uiAccess='false'" /manifest:embed /DEBUG /PDB:"X:\Projects\Witness\Debug\WirelessNatives.pdb" /SUBSYSTEM:WINDOWS /TLBID:1 /DYNAMICBASE /NXCOMPAT /IMPLIB:"X:\Projects\Witness\Debug\WirelessNatives.lib" /MACHINE:X86 /DLL Debug\WirelessAdapter.obj
         Debug\WirelessAP.obj
         Debug\WirelessScanner.obj
         Debug\WirelessNatives.obj
            Creating library X:\Projects\Witness\Debug\WirelessNatives.lib and object X:\Projects\Witness\Debug\WirelessNatives.exp
         WirelessNatives.vcxproj -> X:\Projects\Witness\Debug\WirelessNatives.dll
       FinalizeBuildStatus:
         Deleting file "Debug\WirelessNatives.unsuccessfulbuild".
         Touching "Debug\WirelessNatives.lastbuildstate".
     1>Done Building Project "X:\Projects\Witness\WirelessNatives\WirelessNatives.vcxproj" (Rebuild target(s)).

Build succeeded.

Time Elapsed 00:00:04.97
